Arguments: 
  /usr/local/bin/node /Users/decagon/.yarn/releases/yarn-1.22.19.cjs add typescript express nodemon morgan uuid sequelize mysql12 cors cookie-parser

PATH: 
  /usr/local/bin:/usr/bin:/bin:/usr/sbin:/sbin:/usr/local/share/dotnet:~/.dotnet/tools:/Library/Frameworks/Mono.framework/Versions/Current/Commands

Yarn version: 
  1.22.19

Node version: 
  18.16.0

Platform: 
  darwin x64

Trace: 
  Error: https://registry.yarnpkg.com/mysql12: Not found
      at params.callback [as _callback] (/Users/decagon/.yarn/releases/yarn-1.22.19.cjs:77675:18)
      at self.callback (/Users/decagon/.yarn/releases/yarn-1.22.19.cjs:135297:22)
      at Request.emit (node:events:513:28)
      at Request.<anonymous> (/Users/decagon/.yarn/releases/yarn-1.22.19.cjs:136269:10)
      at Request.emit (node:events:513:28)
      at IncomingMessage.<anonymous> (/Users/decagon/.yarn/releases/yarn-1.22.19.cjs:136191:12)
      at Object.onceWrapper (node:events:627:28)
      at IncomingMessage.emit (node:events:525:35)
      at endReadableNT (node:internal/streams/readable:1359:12)
      at process.processTicksAndRejections (node:internal/process/task_queues:82:21)

npm manifest: 
  {
    "name": "openbanking",
    "version": "1.0.0",
    "main": "index.js",
    "repository": "https://github.com/Akem-Ben/openbanking.git",
    "license": "MIT"
  }

yarn manifest: 
  No manifest

Lockfile: 
  # THIS IS AN AUTOGENERATED FILE. DO NOT EDIT THIS FILE DIRECTLY.
  # yarn lockfile v1
